Analysis & Synthesis report for Key_Interface_Demo
Wed Sep 21 19:45:49 2016
Quartus II 64-Bit Version 15.0.0 Build 145 04/22/2015 SJ Full Version


---------------------
; Table of Contents ;
---------------------
  1. Legal Notice
  2. Analysis & Synthesis Summary
  3. Analysis & Synthesis Settings
  4. Parallel Compilation
  5. Analysis & Synthesis Source Files Read
  6. Analysis & Synthesis Resource Usage Summary
  7. Analysis & Synthesis Resource Utilization by Entity
  8. State Machine - |Key_Interface_Demo|key_interface:U1|Debounce_module:U4_Right|Delay_module:U2|i
  9. State Machine - |Key_Interface_Demo|key_interface:U1|Debounce_module:U3_Lift|Delay_module:U2|i
 10. State Machine - |Key_Interface_Demo|key_interface:U1|Debounce_module:U2_Down|Delay_module:U2|i
 11. State Machine - |Key_Interface_Demo|key_interface:U1|Debounce_module:U1_Up|Delay_module:U2|i
 12. Registers Removed During Synthesis
 13. General Register Statistics
 14. Inverted Register Statistics
 15. Multiplexer Restructuring Statistics (Restructuring Performed)
 16. Parameter Settings for User Entity Instance: key_interface:U1|Debounce_module:U1_Up|Detect_module:U1
 17. Parameter Settings for User Entity Instance: key_interface:U1|Debounce_module:U1_Up|Delay_module:U2
 18. Parameter Settings for User Entity Instance: key_interface:U1|Debounce_module:U2_Down|Detect_module:U1
 19. Parameter Settings for User Entity Instance: key_interface:U1|Debounce_module:U2_Down|Delay_module:U2
 20. Parameter Settings for User Entity Instance: key_interface:U1|Debounce_module:U3_Lift|Detect_module:U1
 21. Parameter Settings for User Entity Instance: key_interface:U1|Debounce_module:U3_Lift|Delay_module:U2
 22. Parameter Settings for User Entity Instance: key_interface:U1|Debounce_module:U4_Right|Detect_module:U1
 23. Parameter Settings for User Entity Instance: key_interface:U1|Debounce_module:U4_Right|Delay_module:U2
 24. Parameter Settings for User Entity Instance: optional_pwm_module:U2
 25. Post-Synthesis Netlist Statistics for Top Partition
 26. Elapsed Time Per Partition
 27. Analysis & Synthesis Messages



----------------
; Legal Notice ;
----------------
Copyright (C) 1991-2015 Altera Corporation. All rights reserved.
Your use of Altera Corporation's design tools, logic functions 
and other software and tools, and its AMPP partner logic 
functions, and any output files from any of the foregoing 
(including device programming or simulation files), and any 
associated documentation or information are expressly subject 
to the terms and conditions of the Altera Program License 
Subscription Agreement, the Altera Quartus II License Agreement,
the Altera MegaCore Function License Agreement, or other 
applicable license agreement, including, without limitation, 
that your use is for the sole purpose of programming logic 
devices manufactured by Altera and sold by Altera or its 
authorized distributors.  Please refer to the applicable 
agreement for further details.



+----------------------------------------------------------------------------------+
; Analysis & Synthesis Summary                                                     ;
+------------------------------------+---------------------------------------------+
; Analysis & Synthesis Status        ; Successful - Wed Sep 21 19:45:49 2016       ;
; Quartus II 64-Bit Version          ; 15.0.0 Build 145 04/22/2015 SJ Full Version ;
; Revision Name                      ; Key_Interface_Demo                          ;
; Top-level Entity Name              ; Key_Interface_Demo                          ;
; Family                             ; Cyclone IV E                                ;
; Total logic elements               ; 272                                         ;
;     Total combinational functions  ; 260                                         ;
;     Dedicated logic registers      ; 150                                         ;
; Total registers                    ; 150                                         ;
; Total pins                         ; 7                                           ;
; Total virtual pins                 ; 0                                           ;
; Total memory bits                  ; 0                                           ;
; Embedded Multiplier 9-bit elements ; 0                                           ;
; Total PLLs                         ; 0                                           ;
+------------------------------------+---------------------------------------------+


+----------------------------------------------------------------------------------------------------------------------+
; Analysis & Synthesis Settings                                                                                        ;
+----------------------------------------------------------------------------+--------------------+--------------------+
; Option                                                                     ; Setting            ; Default Value      ;
+----------------------------------------------------------------------------+--------------------+--------------------+
; Device                                                                     ; EP4CE6F17C8        ;                    ;
; Top-level entity name                                                      ; Key_Interface_Demo ; Key_Interface_Demo ;
; Family name                                                                ; Cyclone IV E       ; Cyclone V          ;
; Use smart compilation                                                      ; Off                ; Off                ;
; Enable parallel Assembler and TimeQuest Timing Analyzer during compilation ; On                 ; On                 ;
; Enable compact report table                                                ; Off                ; Off                ;
; Restructure Multiplexers                                                   ; Auto               ; Auto               ;
; Create Debugging Nodes for IP Cores                                        ; Off                ; Off                ;
; Preserve fewer node names                                                  ; On                 ; On                 ;
; Disable OpenCore Plus hardware evaluation                                  ; Off                ; Off                ;
; Verilog Version                                                            ; Verilog_2001       ; Verilog_2001       ;
; VHDL Version                                                               ; VHDL_1993          ; VHDL_1993          ;
; State Machine Processing                                                   ; Auto               ; Auto               ;
; Safe State Machine                                                         ; Off                ; Off                ;
; Extract Verilog State Machines                                             ; On                 ; On                 ;
; Extract VHDL State Machines                                                ; On                 ; On                 ;
; Ignore Verilog initial constructs                                          ; Off                ; Off                ;
; Iteration limit for constant Verilog loops                                 ; 5000               ; 5000               ;
; Iteration limit for non-constant Verilog loops                             ; 250                ; 250                ;
; Add Pass-Through Logic to Inferred RAMs                                    ; On                 ; On                 ;
; Infer RAMs from Raw Logic                                                  ; On                 ; On                 ;
; Parallel Synthesis                                                         ; On                 ; On                 ;
; DSP Block Balancing                                                        ; Auto               ; Auto               ;
; NOT Gate Push-Back                                                         ; On                 ; On                 ;
; Power-Up Don't Care                                                        ; On                 ; On                 ;
; Remove Redundant Logic Cells                                               ; Off                ; Off                ;
; Remove Duplicate Registers                                                 ; On                 ; On                 ;
; Ignore CARRY Buffers                                                       ; Off                ; Off                ;
; Ignore CASCADE Buffers                                                     ; Off                ; Off                ;
; Ignore GLOBAL Buffers                                                      ; Off                ; Off                ;
; Ignore ROW GLOBAL Buffers                                                  ; Off                ; Off                ;
; Ignore LCELL Buffers                                                       ; Off                ; Off                ;
; Ignore SOFT Buffers                                                        ; On                 ; On                 ;
; Limit AHDL Integers to 32 Bits                                             ; Off                ; Off                ;
; Optimization Technique                                                     ; Balanced           ; Balanced           ;
; Carry Chain Length                                                         ; 70                 ; 70                 ;
; Auto Carry Chains                                                          ; On                 ; On                 ;
; Auto Open-Drain Pins                                                       ; On                 ; On                 ;
; Perform WYSIWYG Primitive Resynthesis                                      ; Off                ; Off                ;
; Auto ROM Replacement                                                       ; On                 ; On                 ;
; Auto RAM Replacement                                                       ; On                 ; On                 ;
; Auto DSP Block Replacement                                                 ; On                 ; On                 ;
; Auto Shift Register Replacement                                            ; Auto               ; Auto               ;
; Allow Shift Register Merging across Hierarchies                            ; Auto               ; Auto               ;
; Auto Clock Enable Replacement                                              ; On                 ; On                 ;
; Strict RAM Replacement                                                     ; Off                ; Off                ;
; Allow Synchronous Control Signals                                          ; On                 ; On                 ;
; Force Use of Synchronous Clear Signals                                     ; Off                ; Off                ;
; Auto RAM Block Balancing                                                   ; On                 ; On                 ;
; Auto RAM to Logic Cell Conversion                                          ; Off                ; Off                ;
; Auto Resource Sharing                                                      ; Off                ; Off                ;
; Allow Any RAM Size For Recognition                                         ; Off                ; Off                ;
; Allow Any ROM Size For Recognition                                         ; Off                ; Off                ;
; Allow Any Shift Register Size For Recognition                              ; Off                ; Off                ;
; Use LogicLock Constraints during Resource Balancing                        ; On                 ; On                 ;
; Ignore translate_off and synthesis_off directives                          ; Off                ; Off                ;
; Timing-Driven Synthesis                                                    ; On                 ; On                 ;
; Report Parameter Settings                                                  ; On                 ; On                 ;
; Report Source Assignments                                                  ; On                 ; On                 ;
; Report Connectivity Checks                                                 ; On                 ; On                 ;
; Ignore Maximum Fan-Out Assignments                                         ; Off                ; Off                ;
; Synchronization Register Chain Length                                      ; 2                  ; 2                  ;
; PowerPlay Power Optimization During Synthesis                              ; Normal compilation ; Normal compilation ;
; HDL message level                                                          ; Level2             ; Level2             ;
; Suppress Register Optimization Related Messages                            ; Off                ; Off                ;
; Number of Removed Registers Reported in Synthesis Report                   ; 5000               ; 5000               ;
; Number of Swept Nodes Reported in Synthesis Report                         ; 5000               ; 5000               ;
; Number of Inverted Registers Reported in Synthesis Report                  ; 100                ; 100                ;
; Clock MUX Protection                                                       ; On                 ; On                 ;
; Auto Gated Clock Conversion                                                ; Off                ; Off                ;
; Block Design Naming                                                        ; Auto               ; Auto               ;
; SDC constraint protection                                                  ; Off                ; Off                ;
; Synthesis Effort                                                           ; Auto               ; Auto               ;
; Shift Register Replacement - Allow Asynchronous Clear Signal               ; On                 ; On                 ;
; Pre-Mapping Resynthesis Optimization                                       ; Off                ; Off                ;
; Analysis & Synthesis Message Level                                         ; Medium             ; Medium             ;
; Disable Register Merging Across Hierarchies                                ; Auto               ; Auto               ;
; Resource Aware Inference For Block RAM                                     ; On                 ; On                 ;
; Synthesis Seed                                                             ; 1                  ; 1                  ;
+----------------------------------------------------------------------------+--------------------+--------------------+


+------------------------------------------+
; Parallel Compilation                     ;
+----------------------------+-------------+
; Processors                 ; Number      ;
+----------------------------+-------------+
; Number detected on machine ; 4           ;
; Maximum allowed            ; 2           ;
;                            ;             ;
; Average used               ; 1.00        ;
; Maximum used               ; 1           ;
;                            ;             ;
; Usage by Processor         ; % Time Used ;
;     Processor 1            ; 100.0%      ;
;     Processors 2-4         ;   0.0%      ;
+----------------------------+-------------+


+------------------------------------------------------------------------------------------------------------------------------------------------------------------------+
; Analysis & Synthesis Source Files Read                                                                                                                                 ;
+----------------------------------+-----------------+------------------------+--------------------------------------------------------------------------------+---------+
; File Name with User-Entered Path ; Used in Netlist ; File Type              ; File Name with Absolute Path                                                   ; Library ;
+----------------------------------+-----------------+------------------------+--------------------------------------------------------------------------------+---------+
; ../src/Detect_module.v           ; yes             ; User Verilog HDL File  ; D:/workspace1/NewDocument/Quartus/module/Key_Module/src/Detect_module.v        ;         ;
; ../src/Delay_module.v            ; yes             ; User Verilog HDL File  ; D:/workspace1/NewDocument/Quartus/module/Key_Module/src/Delay_module.v         ;         ;
; ../src/Debounce_module.v         ; yes             ; User Verilog HDL File  ; D:/workspace1/NewDocument/Quartus/module/Key_Module/src/Debounce_module.v      ;         ;
; ../key_interface.v               ; yes             ; User Verilog HDL File  ; D:/workspace1/NewDocument/Quartus/module/Key_Module/key_interface.v            ;         ;
; Key_Interface_Demo.v             ; yes             ; User Verilog HDL File  ; D:/workspace1/NewDocument/Quartus/module/Key_Module/demo/Key_Interface_Demo.v  ;         ;
; optional_pwm_module.v            ; yes             ; User Verilog HDL File  ; D:/workspace1/NewDocument/Quartus/module/Key_Module/demo/optional_pwm_module.v ;         ;
+----------------------------------+-----------------+------------------------+--------------------------------------------------------------------------------+---------+


+---------------------------------------------------------+
; Analysis & Synthesis Resource Usage Summary             ;
+---------------------------------------------+-----------+
; Resource                                    ; Usage     ;
+---------------------------------------------+-----------+
; Estimated Total logic elements              ; 272       ;
;                                             ;           ;
; Total combinational functions               ; 260       ;
; Logic element usage by number of LUT inputs ;           ;
;     -- 4 input functions                    ; 86        ;
;     -- 3 input functions                    ; 31        ;
;     -- <=2 input functions                  ; 143       ;
;                                             ;           ;
; Logic elements by mode                      ;           ;
;     -- normal mode                          ; 148       ;
;     -- arithmetic mode                      ; 112       ;
;                                             ;           ;
; Total registers                             ; 150       ;
;     -- Dedicated logic registers            ; 150       ;
;     -- I/O registers                        ; 0         ;
;                                             ;           ;
; I/O pins                                    ; 7         ;
;                                             ;           ;
; Embedded Multiplier 9-bit elements          ; 0         ;
;                                             ;           ;
; Maximum fan-out node                        ; CLK~input ;
; Maximum fan-out                             ; 150       ;
; Total fan-out                               ; 1287      ;
; Average fan-out                             ; 3.04      ;
+---------------------------------------------+-----------+


+----------------------------------------------------------------------------------------------------------------------------------------------------------------------------------------------------------------------------------------------+
; Analysis & Synthesis Resource Utilization by Entity                                                                                                                                                                                          ;
+----------------------------------+-------------------+--------------+-------------+--------------+---------+-----------+------+--------------+--------------------------------------------------------------------------------+--------------+
; Compilation Hierarchy Node       ; LC Combinationals ; LC Registers ; Memory Bits ; DSP Elements ; DSP 9x9 ; DSP 18x18 ; Pins ; Virtual Pins ; Full Hierarchy Name                                                            ; Library Name ;
+----------------------------------+-------------------+--------------+-------------+--------------+---------+-----------+------+--------------+--------------------------------------------------------------------------------+--------------+
; |Key_Interface_Demo              ; 260 (0)           ; 150 (0)      ; 0           ; 0            ; 0       ; 0         ; 7    ; 0            ; |Key_Interface_Demo                                                            ; work         ;
;    |key_interface:U1|            ; 166 (0)           ; 126 (0)      ; 0           ; 0            ; 0       ; 0         ; 0    ; 0            ; |Key_Interface_Demo|key_interface:U1                                           ; work         ;
;       |Debounce_module:U1_Up|    ; 55 (0)            ; 42 (0)       ; 0           ; 0            ; 0       ; 0         ; 0    ; 0            ; |Key_Interface_Demo|key_interface:U1|Debounce_module:U1_Up                     ; work         ;
;          |Delay_module:U2|       ; 36 (36)           ; 24 (24)      ; 0           ; 0            ; 0       ; 0         ; 0    ; 0            ; |Key_Interface_Demo|key_interface:U1|Debounce_module:U1_Up|Delay_module:U2     ; work         ;
;          |Detect_module:U1|      ; 19 (19)           ; 18 (18)      ; 0           ; 0            ; 0       ; 0         ; 0    ; 0            ; |Key_Interface_Demo|key_interface:U1|Debounce_module:U1_Up|Detect_module:U1    ; work         ;
;       |Debounce_module:U2_Down|  ; 37 (0)            ; 28 (0)       ; 0           ; 0            ; 0       ; 0         ; 0    ; 0            ; |Key_Interface_Demo|key_interface:U1|Debounce_module:U2_Down                   ; work         ;
;          |Delay_module:U2|       ; 36 (36)           ; 24 (24)      ; 0           ; 0            ; 0       ; 0         ; 0    ; 0            ; |Key_Interface_Demo|key_interface:U1|Debounce_module:U2_Down|Delay_module:U2   ; work         ;
;          |Detect_module:U1|      ; 1 (1)             ; 4 (4)        ; 0           ; 0            ; 0       ; 0         ; 0    ; 0            ; |Key_Interface_Demo|key_interface:U1|Debounce_module:U2_Down|Detect_module:U1  ; work         ;
;       |Debounce_module:U3_Lift|  ; 37 (0)            ; 28 (0)       ; 0           ; 0            ; 0       ; 0         ; 0    ; 0            ; |Key_Interface_Demo|key_interface:U1|Debounce_module:U3_Lift                   ; work         ;
;          |Delay_module:U2|       ; 36 (36)           ; 24 (24)      ; 0           ; 0            ; 0       ; 0         ; 0    ; 0            ; |Key_Interface_Demo|key_interface:U1|Debounce_module:U3_Lift|Delay_module:U2   ; work         ;
;          |Detect_module:U1|      ; 1 (1)             ; 4 (4)        ; 0           ; 0            ; 0       ; 0         ; 0    ; 0            ; |Key_Interface_Demo|key_interface:U1|Debounce_module:U3_Lift|Detect_module:U1  ; work         ;
;       |Debounce_module:U4_Right| ; 37 (0)            ; 28 (0)       ; 0           ; 0            ; 0       ; 0         ; 0    ; 0            ; |Key_Interface_Demo|key_interface:U1|Debounce_module:U4_Right                  ; work         ;
;          |Delay_module:U2|       ; 36 (36)           ; 24 (24)      ; 0           ; 0            ; 0       ; 0         ; 0    ; 0            ; |Key_Interface_Demo|key_interface:U1|Debounce_module:U4_Right|Delay_module:U2  ; work         ;
;          |Detect_module:U1|      ; 1 (1)             ; 4 (4)        ; 0           ; 0            ; 0       ; 0         ; 0    ; 0            ; |Key_Interface_Demo|key_interface:U1|Debounce_module:U4_Right|Detect_module:U1 ; work         ;
;    |optional_pwm_module:U2|      ; 94 (94)           ; 24 (24)      ; 0           ; 0            ; 0       ; 0         ; 0    ; 0            ; |Key_Interface_Demo|optional_pwm_module:U2                                     ; work         ;
+----------------------------------+-------------------+--------------+-------------+--------------+---------+-----------+------+--------------+--------------------------------------------------------------------------------+--------------+
Note: For table entries with two numbers listed, the numbers in parentheses indicate the number of resources of the given type used by the specific entity alone. The numbers listed outside of parentheses indicate the total resources of the given type used by the specific entity and all of its sub-entities in the hierarchy.


Encoding Type:  One-Hot
+-------------------------------------------------------------------------------------------------+
; State Machine - |Key_Interface_Demo|key_interface:U1|Debounce_module:U4_Right|Delay_module:U2|i ;
+------+------+------+----------------------------------------------------------------------------+
; Name ; i.00 ; i.10 ; i.01                                                                       ;
+------+------+------+----------------------------------------------------------------------------+
; i.00 ; 0    ; 0    ; 0                                                                          ;
; i.01 ; 1    ; 0    ; 1                                                                          ;
; i.10 ; 1    ; 1    ; 0                                                                          ;
+------+------+------+----------------------------------------------------------------------------+


Encoding Type:  One-Hot
+------------------------------------------------------------------------------------------------+
; State Machine - |Key_Interface_Demo|key_interface:U1|Debounce_module:U3_Lift|Delay_module:U2|i ;
+------+------+------+---------------------------------------------------------------------------+
; Name ; i.00 ; i.10 ; i.01                                                                      ;
+------+------+------+---------------------------------------------------------------------------+
; i.00 ; 0    ; 0    ; 0                                                                         ;
; i.01 ; 1    ; 0    ; 1                                                                         ;
; i.10 ; 1    ; 1    ; 0                                                                         ;
+------+------+------+---------------------------------------------------------------------------+


Encoding Type:  One-Hot
+------------------------------------------------------------------------------------------------+
; State Machine - |Key_Interface_Demo|key_interface:U1|Debounce_module:U2_Down|Delay_module:U2|i ;
+------+------+------+---------------------------------------------------------------------------+
; Name ; i.00 ; i.10 ; i.01                                                                      ;
+------+------+------+---------------------------------------------------------------------------+
; i.00 ; 0    ; 0    ; 0                                                                         ;
; i.01 ; 1    ; 0    ; 1                                                                         ;
; i.10 ; 1    ; 1    ; 0                                                                         ;
+------+------+------+---------------------------------------------------------------------------+


Encoding Type:  One-Hot
+----------------------------------------------------------------------------------------------+
; State Machine - |Key_Interface_Demo|key_interface:U1|Debounce_module:U1_Up|Delay_module:U2|i ;
+------+------+------+-------------------------------------------------------------------------+
; Name ; i.00 ; i.10 ; i.01                                                                    ;
+------+------+------+-------------------------------------------------------------------------+
; i.00 ; 0    ; 0    ; 0                                                                       ;
; i.01 ; 1    ; 0    ; 1                                                                       ;
; i.10 ; 1    ; 1    ; 0                                                                       ;
+------+------+------+-------------------------------------------------------------------------+


+--------------------------------------------------------------------------------------------------------------------------------------------------------+
; Registers Removed During Synthesis                                                                                                                     ;
+-----------------------------------------------------------------------+--------------------------------------------------------------------------------+
; Register name                                                         ; Reason for Removal                                                             ;
+-----------------------------------------------------------------------+--------------------------------------------------------------------------------+
; key_interface:U1|Debounce_module:U2_Down|Detect_module:U1|isEn        ; Merged with key_interface:U1|Debounce_module:U1_Up|Detect_module:U1|isEn       ;
; key_interface:U1|Debounce_module:U3_Lift|Detect_module:U1|isEn        ; Merged with key_interface:U1|Debounce_module:U1_Up|Detect_module:U1|isEn       ;
; key_interface:U1|Debounce_module:U4_Right|Detect_module:U1|isEn       ; Merged with key_interface:U1|Debounce_module:U1_Up|Detect_module:U1|isEn       ;
; key_interface:U1|Debounce_module:U2_Down|Detect_module:U1|Count1[9]   ; Merged with key_interface:U1|Debounce_module:U1_Up|Detect_module:U1|Count1[9]  ;
; key_interface:U1|Debounce_module:U3_Lift|Detect_module:U1|Count1[9]   ; Merged with key_interface:U1|Debounce_module:U1_Up|Detect_module:U1|Count1[9]  ;
; key_interface:U1|Debounce_module:U4_Right|Detect_module:U1|Count1[9]  ; Merged with key_interface:U1|Debounce_module:U1_Up|Detect_module:U1|Count1[9]  ;
; key_interface:U1|Debounce_module:U2_Down|Detect_module:U1|Count1[8]   ; Merged with key_interface:U1|Debounce_module:U1_Up|Detect_module:U1|Count1[8]  ;
; key_interface:U1|Debounce_module:U3_Lift|Detect_module:U1|Count1[8]   ; Merged with key_interface:U1|Debounce_module:U1_Up|Detect_module:U1|Count1[8]  ;
; key_interface:U1|Debounce_module:U4_Right|Detect_module:U1|Count1[8]  ; Merged with key_interface:U1|Debounce_module:U1_Up|Detect_module:U1|Count1[8]  ;
; key_interface:U1|Debounce_module:U2_Down|Detect_module:U1|Count1[7]   ; Merged with key_interface:U1|Debounce_module:U1_Up|Detect_module:U1|Count1[7]  ;
; key_interface:U1|Debounce_module:U3_Lift|Detect_module:U1|Count1[7]   ; Merged with key_interface:U1|Debounce_module:U1_Up|Detect_module:U1|Count1[7]  ;
; key_interface:U1|Debounce_module:U4_Right|Detect_module:U1|Count1[7]  ; Merged with key_interface:U1|Debounce_module:U1_Up|Detect_module:U1|Count1[7]  ;
; key_interface:U1|Debounce_module:U2_Down|Detect_module:U1|Count1[2]   ; Merged with key_interface:U1|Debounce_module:U1_Up|Detect_module:U1|Count1[2]  ;
; key_interface:U1|Debounce_module:U3_Lift|Detect_module:U1|Count1[2]   ; Merged with key_interface:U1|Debounce_module:U1_Up|Detect_module:U1|Count1[2]  ;
; key_interface:U1|Debounce_module:U4_Right|Detect_module:U1|Count1[2]  ; Merged with key_interface:U1|Debounce_module:U1_Up|Detect_module:U1|Count1[2]  ;
; key_interface:U1|Debounce_module:U2_Down|Detect_module:U1|Count1[1]   ; Merged with key_interface:U1|Debounce_module:U1_Up|Detect_module:U1|Count1[1]  ;
; key_interface:U1|Debounce_module:U3_Lift|Detect_module:U1|Count1[1]   ; Merged with key_interface:U1|Debounce_module:U1_Up|Detect_module:U1|Count1[1]  ;
; key_interface:U1|Debounce_module:U4_Right|Detect_module:U1|Count1[1]  ; Merged with key_interface:U1|Debounce_module:U1_Up|Detect_module:U1|Count1[1]  ;
; key_interface:U1|Debounce_module:U2_Down|Detect_module:U1|Count1[0]   ; Merged with key_interface:U1|Debounce_module:U1_Up|Detect_module:U1|Count1[0]  ;
; key_interface:U1|Debounce_module:U3_Lift|Detect_module:U1|Count1[0]   ; Merged with key_interface:U1|Debounce_module:U1_Up|Detect_module:U1|Count1[0]  ;
; key_interface:U1|Debounce_module:U4_Right|Detect_module:U1|Count1[0]  ; Merged with key_interface:U1|Debounce_module:U1_Up|Detect_module:U1|Count1[0]  ;
; key_interface:U1|Debounce_module:U2_Down|Detect_module:U1|Count1[12]  ; Merged with key_interface:U1|Debounce_module:U1_Up|Detect_module:U1|Count1[12] ;
; key_interface:U1|Debounce_module:U3_Lift|Detect_module:U1|Count1[12]  ; Merged with key_interface:U1|Debounce_module:U1_Up|Detect_module:U1|Count1[12] ;
; key_interface:U1|Debounce_module:U4_Right|Detect_module:U1|Count1[12] ; Merged with key_interface:U1|Debounce_module:U1_Up|Detect_module:U1|Count1[12] ;
; key_interface:U1|Debounce_module:U2_Down|Detect_module:U1|Count1[11]  ; Merged with key_interface:U1|Debounce_module:U1_Up|Detect_module:U1|Count1[11] ;
; key_interface:U1|Debounce_module:U3_Lift|Detect_module:U1|Count1[11]  ; Merged with key_interface:U1|Debounce_module:U1_Up|Detect_module:U1|Count1[11] ;
; key_interface:U1|Debounce_module:U4_Right|Detect_module:U1|Count1[11] ; Merged with key_interface:U1|Debounce_module:U1_Up|Detect_module:U1|Count1[11] ;
; key_interface:U1|Debounce_module:U2_Down|Detect_module:U1|Count1[10]  ; Merged with key_interface:U1|Debounce_module:U1_Up|Detect_module:U1|Count1[10] ;
; key_interface:U1|Debounce_module:U3_Lift|Detect_module:U1|Count1[10]  ; Merged with key_interface:U1|Debounce_module:U1_Up|Detect_module:U1|Count1[10] ;
; key_interface:U1|Debounce_module:U4_Right|Detect_module:U1|Count1[10] ; Merged with key_interface:U1|Debounce_module:U1_Up|Detect_module:U1|Count1[10] ;
; key_interface:U1|Debounce_module:U2_Down|Detect_module:U1|Count1[6]   ; Merged with key_interface:U1|Debounce_module:U1_Up|Detect_module:U1|Count1[6]  ;
; key_interface:U1|Debounce_module:U3_Lift|Detect_module:U1|Count1[6]   ; Merged with key_interface:U1|Debounce_module:U1_Up|Detect_module:U1|Count1[6]  ;
; key_interface:U1|Debounce_module:U4_Right|Detect_module:U1|Count1[6]  ; Merged with key_interface:U1|Debounce_module:U1_Up|Detect_module:U1|Count1[6]  ;
; key_interface:U1|Debounce_module:U2_Down|Detect_module:U1|Count1[5]   ; Merged with key_interface:U1|Debounce_module:U1_Up|Detect_module:U1|Count1[5]  ;
; key_interface:U1|Debounce_module:U3_Lift|Detect_module:U1|Count1[5]   ; Merged with key_interface:U1|Debounce_module:U1_Up|Detect_module:U1|Count1[5]  ;
; key_interface:U1|Debounce_module:U4_Right|Detect_module:U1|Count1[5]  ; Merged with key_interface:U1|Debounce_module:U1_Up|Detect_module:U1|Count1[5]  ;
; key_interface:U1|Debounce_module:U2_Down|Detect_module:U1|Count1[4]   ; Merged with key_interface:U1|Debounce_module:U1_Up|Detect_module:U1|Count1[4]  ;
; key_interface:U1|Debounce_module:U3_Lift|Detect_module:U1|Count1[4]   ; Merged with key_interface:U1|Debounce_module:U1_Up|Detect_module:U1|Count1[4]  ;
; key_interface:U1|Debounce_module:U4_Right|Detect_module:U1|Count1[4]  ; Merged with key_interface:U1|Debounce_module:U1_Up|Detect_module:U1|Count1[4]  ;
; key_interface:U1|Debounce_module:U2_Down|Detect_module:U1|Count1[3]   ; Merged with key_interface:U1|Debounce_module:U1_Up|Detect_module:U1|Count1[3]  ;
; key_interface:U1|Debounce_module:U3_Lift|Detect_module:U1|Count1[3]   ; Merged with key_interface:U1|Debounce_module:U1_Up|Detect_module:U1|Count1[3]  ;
; key_interface:U1|Debounce_module:U4_Right|Detect_module:U1|Count1[3]  ; Merged with key_interface:U1|Debounce_module:U1_Up|Detect_module:U1|Count1[3]  ;
; key_interface:U1|Debounce_module:U3_Lift|Delay_module:U2|i.10         ; Lost fanout                                                                    ;
; key_interface:U1|Debounce_module:U2_Down|Delay_module:U2|i.10         ; Lost fanout                                                                    ;
; key_interface:U1|Debounce_module:U1_Up|Delay_module:U2|i.10           ; Lost fanout                                                                    ;
; key_interface:U1|Debounce_module:U4_Right|Delay_module:U2|i.10        ; Lost fanout                                                                    ;
; Total Number of Removed Registers = 46                                ;                                                                                ;
+-----------------------------------------------------------------------+--------------------------------------------------------------------------------+


+------------------------------------------------------+
; General Register Statistics                          ;
+----------------------------------------------+-------+
; Statistic                                    ; Value ;
+----------------------------------------------+-------+
; Total registers                              ; 150   ;
; Number of registers using Synchronous Clear  ; 71    ;
; Number of registers using Synchronous Load   ; 7     ;
; Number of registers using Asynchronous Clear ; 150   ;
; Number of registers using Asynchronous Load  ; 0     ;
; Number of registers using Clock Enable       ; 35    ;
; Number of registers using Preset             ; 0     ;
+----------------------------------------------+-------+


+-----------------------------------------------------------------------------+
; Inverted Register Statistics                                                ;
+-------------------------------------------------------------------+---------+
; Inverted Register                                                 ; Fan out ;
+-------------------------------------------------------------------+---------+
; key_interface:U1|Debounce_module:U2_Down|Detect_module:U1|H2L_F1  ; 2       ;
; key_interface:U1|Debounce_module:U2_Down|Detect_module:U1|H2L_F2  ; 1       ;
; key_interface:U1|Debounce_module:U3_Lift|Detect_module:U1|H2L_F1  ; 2       ;
; key_interface:U1|Debounce_module:U3_Lift|Detect_module:U1|H2L_F2  ; 1       ;
; key_interface:U1|Debounce_module:U1_Up|Detect_module:U1|H2L_F1    ; 2       ;
; key_interface:U1|Debounce_module:U1_Up|Detect_module:U1|H2L_F2    ; 1       ;
; key_interface:U1|Debounce_module:U4_Right|Detect_module:U1|H2L_F1 ; 2       ;
; key_interface:U1|Debounce_module:U4_Right|Detect_module:U1|H2L_F2 ; 1       ;
; Total number of inverted registers = 8                            ;         ;
+-------------------------------------------------------------------+---------+


+---------------------------------------------------------------------------------------------------------------------------------------------------------------------------------------------------------+
; Multiplexer Restructuring Statistics (Restructuring Performed)                                                                                                                                          ;
+--------------------+-----------+---------------+----------------------+------------------------+------------+-------------------------------------------------------------------------------------------+
; Multiplexer Inputs ; Bus Width ; Baseline Area ; Area if Restructured ; Saving if Restructured ; Registered ; Example Multiplexer Output                                                                ;
+--------------------+-----------+---------------+----------------------+------------------------+------------+-------------------------------------------------------------------------------------------+
; 3:1                ; 8 bits    ; 16 LEs        ; 8 LEs                ; 8 LEs                  ; Yes        ; |Key_Interface_Demo|optional_pwm_module:U2|System_Seg[3]                                  ;
; 3:1                ; 16 bits   ; 32 LEs        ; 16 LEs               ; 16 LEs                 ; Yes        ; |Key_Interface_Demo|key_interface:U1|Debounce_module:U4_Right|Delay_module:U2|Count1[3]   ;
; 3:1                ; 16 bits   ; 32 LEs        ; 16 LEs               ; 16 LEs                 ; Yes        ; |Key_Interface_Demo|key_interface:U1|Debounce_module:U3_Lift|Delay_module:U2|Count1[2]    ;
; 3:1                ; 16 bits   ; 32 LEs        ; 16 LEs               ; 16 LEs                 ; Yes        ; |Key_Interface_Demo|key_interface:U1|Debounce_module:U2_Down|Delay_module:U2|Count1[1]    ;
; 3:1                ; 16 bits   ; 32 LEs        ; 16 LEs               ; 16 LEs                 ; Yes        ; |Key_Interface_Demo|key_interface:U1|Debounce_module:U1_Up|Delay_module:U2|Count1[15]     ;
; 3:1                ; 4 bits    ; 8 LEs         ; 4 LEs                ; 4 LEs                  ; Yes        ; |Key_Interface_Demo|key_interface:U1|Debounce_module:U4_Right|Delay_module:U2|Count_MS[2] ;
; 3:1                ; 4 bits    ; 8 LEs         ; 4 LEs                ; 4 LEs                  ; Yes        ; |Key_Interface_Demo|key_interface:U1|Debounce_module:U3_Lift|Delay_module:U2|Count_MS[1]  ;
; 3:1                ; 4 bits    ; 8 LEs         ; 4 LEs                ; 4 LEs                  ; Yes        ; |Key_Interface_Demo|key_interface:U1|Debounce_module:U2_Down|Delay_module:U2|Count_MS[1]  ;
; 3:1                ; 4 bits    ; 8 LEs         ; 4 LEs                ; 4 LEs                  ; Yes        ; |Key_Interface_Demo|key_interface:U1|Debounce_module:U1_Up|Delay_module:U2|Count_MS[1]    ;
; 8:1                ; 7 bits    ; 35 LEs        ; 28 LEs               ; 7 LEs                  ; Yes        ; |Key_Interface_Demo|optional_pwm_module:U2|Option_Seg[5]                                  ;
; 5:1                ; 3 bits    ; 9 LEs         ; 6 LEs                ; 3 LEs                  ; No         ; |Key_Interface_Demo|key_interface:U1|Debounce_module:U4_Right|Delay_module:U2|Selector1   ;
; 5:1                ; 3 bits    ; 9 LEs         ; 6 LEs                ; 3 LEs                  ; No         ; |Key_Interface_Demo|key_interface:U1|Debounce_module:U3_Lift|Delay_module:U2|Selector2    ;
; 5:1                ; 3 bits    ; 9 LEs         ; 6 LEs                ; 3 LEs                  ; No         ; |Key_Interface_Demo|key_interface:U1|Debounce_module:U2_Down|Delay_module:U2|Selector0    ;
; 5:1                ; 3 bits    ; 9 LEs         ; 6 LEs                ; 3 LEs                  ; No         ; |Key_Interface_Demo|key_interface:U1|Debounce_module:U1_Up|Delay_module:U2|Selector0      ;
+--------------------+-----------+---------------+----------------------+------------------------+------------+-------------------------------------------------------------------------------------------+


+------------------------------------------------------------------------------------------------------+
; Parameter Settings for User Entity Instance: key_interface:U1|Debounce_module:U1_Up|Detect_module:U1 ;
+----------------+-------------+-----------------------------------------------------------------------+
; Parameter Name ; Value       ; Type                                                                  ;
+----------------+-------------+-----------------------------------------------------------------------+
; T100US         ; 01110000111 ; Unsigned Binary                                                       ;
+----------------+-------------+-----------------------------------------------------------------------+
Note: In order to hide this table in the UI and the text report file, please set the "Show Parameter Settings in Synthesis Report" option in "Analysis and Synthesis Settings -> More Settings" to "Off".


+-----------------------------------------------------------------------------------------------------+
; Parameter Settings for User Entity Instance: key_interface:U1|Debounce_module:U1_Up|Delay_module:U2 ;
+----------------+------------------+-----------------------------------------------------------------+
; Parameter Name ; Value            ; Type                                                            ;
+----------------+------------------+-----------------------------------------------------------------+
; T1MS           ; 1100001101001111 ; Unsigned Binary                                                 ;
+----------------+------------------+-----------------------------------------------------------------+
Note: In order to hide this table in the UI and the text report file, please set the "Show Parameter Settings in Synthesis Report" option in "Analysis and Synthesis Settings -> More Settings" to "Off".


+--------------------------------------------------------------------------------------------------------+
; Parameter Settings for User Entity Instance: key_interface:U1|Debounce_module:U2_Down|Detect_module:U1 ;
+----------------+-------------+-------------------------------------------------------------------------+
; Parameter Name ; Value       ; Type                                                                    ;
+----------------+-------------+-------------------------------------------------------------------------+
; T100US         ; 01110000111 ; Unsigned Binary                                                         ;
+----------------+-------------+-------------------------------------------------------------------------+
Note: In order to hide this table in the UI and the text report file, please set the "Show Parameter Settings in Synthesis Report" option in "Analysis and Synthesis Settings -> More Settings" to "Off".


+-------------------------------------------------------------------------------------------------------+
; Parameter Settings for User Entity Instance: key_interface:U1|Debounce_module:U2_Down|Delay_module:U2 ;
+----------------+------------------+-------------------------------------------------------------------+
; Parameter Name ; Value            ; Type                                                              ;
+----------------+------------------+-------------------------------------------------------------------+
; T1MS           ; 1100001101001111 ; Unsigned Binary                                                   ;
+----------------+------------------+-------------------------------------------------------------------+
Note: In order to hide this table in the UI and the text report file, please set the "Show Parameter Settings in Synthesis Report" option in "Analysis and Synthesis Settings -> More Settings" to "Off".


+--------------------------------------------------------------------------------------------------------+
; Parameter Settings for User Entity Instance: key_interface:U1|Debounce_module:U3_Lift|Detect_module:U1 ;
+----------------+-------------+-------------------------------------------------------------------------+
; Parameter Name ; Value       ; Type                                                                    ;
+----------------+-------------+-------------------------------------------------------------------------+
; T100US         ; 01110000111 ; Unsigned Binary                                                         ;
+----------------+-------------+-------------------------------------------------------------------------+
Note: In order to hide this table in the UI and the text report file, please set the "Show Parameter Settings in Synthesis Report" option in "Analysis and Synthesis Settings -> More Settings" to "Off".


+-------------------------------------------------------------------------------------------------------+
; Parameter Settings for User Entity Instance: key_interface:U1|Debounce_module:U3_Lift|Delay_module:U2 ;
+----------------+------------------+-------------------------------------------------------------------+
; Parameter Name ; Value            ; Type                                                              ;
+----------------+------------------+-------------------------------------------------------------------+
; T1MS           ; 1100001101001111 ; Unsigned Binary                                                   ;
+----------------+------------------+-------------------------------------------------------------------+
Note: In order to hide this table in the UI and the text report file, please set the "Show Parameter Settings in Synthesis Report" option in "Analysis and Synthesis Settings -> More Settings" to "Off".


+---------------------------------------------------------------------------------------------------------+
; Parameter Settings for User Entity Instance: key_interface:U1|Debounce_module:U4_Right|Detect_module:U1 ;
+----------------+-------------+--------------------------------------------------------------------------+
; Parameter Name ; Value       ; Type                                                                     ;
+----------------+-------------+--------------------------------------------------------------------------+
; T100US         ; 01110000111 ; Unsigned Binary                                                          ;
+----------------+-------------+--------------------------------------------------------------------------+
Note: In order to hide this table in the UI and the text report file, please set the "Show Parameter Settings in Synthesis Report" option in "Analysis and Synthesis Settings -> More Settings" to "Off".


+--------------------------------------------------------------------------------------------------------+
; Parameter Settings for User Entity Instance: key_interface:U1|Debounce_module:U4_Right|Delay_module:U2 ;
+----------------+------------------+--------------------------------------------------------------------+
; Parameter Name ; Value            ; Type                                                               ;
+----------------+------------------+--------------------------------------------------------------------+
; T1MS           ; 1100001101001111 ; Unsigned Binary                                                    ;
+----------------+------------------+--------------------------------------------------------------------+
Note: In order to hide this table in the UI and the text report file, please set the "Show Parameter Settings in Synthesis Report" option in "Analysis and Synthesis Settings -> More Settings" to "Off".


+---------------------------------------------------------------------+
; Parameter Settings for User Entity Instance: optional_pwm_module:U2 ;
+----------------+----------+-----------------------------------------+
; Parameter Name ; Value    ; Type                                    ;
+----------------+----------+-----------------------------------------+
; SEGMENT        ; 11000011 ; Unsigned Binary                         ;
+----------------+----------+-----------------------------------------+
Note: In order to hide this table in the UI and the text report file, please set the "Show Parameter Settings in Synthesis Report" option in "Analysis and Synthesis Settings -> More Settings" to "Off".


+-----------------------------------------------------+
; Post-Synthesis Netlist Statistics for Top Partition ;
+-----------------------+-----------------------------+
; Type                  ; Count                       ;
+-----------------------+-----------------------------+
; boundary_port         ; 7                           ;
; cycloneiii_ff         ; 150                         ;
;     CLR               ; 51                          ;
;     CLR SCLR          ; 64                          ;
;     ENA CLR           ; 28                          ;
;     ENA CLR SCLR SLD  ; 7                           ;
; cycloneiii_lcell_comb ; 260                         ;
;     arith             ; 112                         ;
;         2 data inputs ; 104                         ;
;         3 data inputs ; 8                           ;
;     normal            ; 148                         ;
;         1 data inputs ; 14                          ;
;         2 data inputs ; 25                          ;
;         3 data inputs ; 23                          ;
;         4 data inputs ; 86                          ;
;                       ;                             ;
; Max LUT depth         ; 4.00                        ;
; Average LUT depth     ; 2.76                        ;
+-----------------------+-----------------------------+


+-------------------------------+
; Elapsed Time Per Partition    ;
+----------------+--------------+
; Partition Name ; Elapsed Time ;
+----------------+--------------+
; Top            ; 00:00:01     ;
+----------------+--------------+


+-------------------------------+
; Analysis & Synthesis Messages ;
+-------------------------------+
Info: *******************************************************************
Info: Running Quartus II 64-Bit Analysis & Synthesis
    Info: Version 15.0.0 Build 145 04/22/2015 SJ Full Version
    Info: Processing started: Wed Sep 21 19:45:34 2016
Info: Command: quartus_map --read_settings_files=on --write_settings_files=off Key_Interface_Demo -c Key_Interface_Demo
Info (11104): Parallel Compilation has detected 4 hyper-threaded processors. However, the extra hyper-threaded processors will not be used by default. Parallel Compilation will use 2 of the 2 physical processors detected instead.
Warning (10229): Verilog HDL Expression warning at Detect_module.v(24): truncated literal to match 11 bits
Info (12021): Found 1 design units, including 1 entities, in source file /workspace1/newdocument/quartus/module/key_module/src/detect_module.v
    Info (12023): Found entity 1: Detect_module
Info (12021): Found 1 design units, including 1 entities, in source file /workspace1/newdocument/quartus/module/key_module/src/delay_module.v
    Info (12023): Found entity 1: Delay_module
Info (12021): Found 1 design units, including 1 entities, in source file /workspace1/newdocument/quartus/module/key_module/src/debounce_module.v
    Info (12023): Found entity 1: Debounce_module
Info (12021): Found 1 design units, including 1 entities, in source file /workspace1/newdocument/quartus/module/key_module/key_interface.v
    Info (12023): Found entity 1: key_interface
Info (12021): Found 1 design units, including 1 entities, in source file key_interface_demo.v
    Info (12023): Found entity 1: Key_Interface_Demo
Info (12021): Found 1 design units, including 1 entities, in source file optional_pwm_module.v
    Info (12023): Found entity 1: optional_pwm_module
Info (12127): Elaborating entity "Key_Interface_Demo" for the top level hierarchy
Info (12128): Elaborating entity "key_interface" for hierarchy "key_interface:U1"
Info (12128): Elaborating entity "Debounce_module" for hierarchy "key_interface:U1|Debounce_module:U1_Up"
Info (12128): Elaborating entity "Detect_module" for hierarchy "key_interface:U1|Debounce_module:U1_Up|Detect_module:U1"
Info (12128): Elaborating entity "Delay_module" for hierarchy "key_interface:U1|Debounce_module:U1_Up|Delay_module:U2"
Info (12128): Elaborating entity "optional_pwm_module" for hierarchy "optional_pwm_module:U2"
Info (13000): Registers with preset signals will power-up high
Info (13003): DEV_CLRn pin will set, and not reset, register with preset signal due to NOT Gate Push-Back
Info (286030): Timing-Driven Synthesis is running
Info (17049): 4 registers lost all their fanouts during netlist optimizations.
Info (16010): Generating hard_block partition "hard_block:auto_generated_inst"
    Info (16011): Adding 0 node(s), including 0 DDIO, 0 PLL, 0 transceiver and 0 LCELL
Info (21057): Implemented 279 device resources after synthesis - the final resource count might be different
    Info (21058): Implemented 6 input pins
    Info (21059): Implemented 1 output pins
    Info (21061): Implemented 272 logic cells
Info: Quartus II 64-Bit Analysis & Synthesis was successful. 0 errors, 1 warning
    Info: Peak virtual memory: 651 megabytes
    Info: Processing ended: Wed Sep 21 19:45:49 2016
    Info: Elapsed time: 00:00:15
    Info: Total CPU time (on all processors): 00:00:35


