Analysis & Synthesis report for Digital_Tube
Thu Sep 22 23:23:21 2016
Quartus II 64-Bit Version 15.0.0 Build 145 04/22/2015 SJ Full Version


---------------------
; Table of Contents ;
---------------------
  1. Legal Notice
  2. Analysis & Synthesis Summary
  3. Analysis & Synthesis Settings
  4. Parallel Compilation
  5. Analysis & Synthesis Source Files Read
  6. Analysis & Synthesis Resource Usage Summary
  7. Analysis & Synthesis Resource Utilization by Entity
  8. Registers Removed During Synthesis
  9. General Register Statistics
 10. Inverted Register Statistics
 11. Multiplexer Restructuring Statistics (Restructuring Performed)
 12. Parameter Settings for User Entity Instance: smg_encoder_module:U2
 13. Parameter Settings for User Entity Instance: column_scan_module:U3
 14. Parameter Settings for User Entity Instance: row_scan_module:U4
 15. Parameter Settings for Inferred Entity Instance: number_mod_module:U1|lpm_divide:Div0
 16. Parameter Settings for Inferred Entity Instance: number_mod_module:U1|lpm_divide:Mod0
 17. Post-Synthesis Netlist Statistics for Top Partition
 18. Elapsed Time Per Partition
 19. Analysis & Synthesis Messages



----------------
; Legal Notice ;
----------------
Copyright (C) 1991-2015 Altera Corporation. All rights reserved.
Your use of Altera Corporation's design tools, logic functions 
and other software and tools, and its AMPP partner logic 
functions, and any output files from any of the foregoing 
(including device programming or simulation files), and any 
associated documentation or information are expressly subject 
to the terms and conditions of the Altera Program License 
Subscription Agreement, the Altera Quartus II License Agreement,
the Altera MegaCore Function License Agreement, or other 
applicable license agreement, including, without limitation, 
that your use is for the sole purpose of programming logic 
devices manufactured by Altera and sold by Altera or its 
authorized distributors.  Please refer to the applicable 
agreement for further details.



+----------------------------------------------------------------------------------+
; Analysis & Synthesis Summary                                                     ;
+------------------------------------+---------------------------------------------+
; Analysis & Synthesis Status        ; Successful - Thu Sep 22 23:23:21 2016       ;
; Quartus II 64-Bit Version          ; 15.0.0 Build 145 04/22/2015 SJ Full Version ;
; Revision Name                      ; Digital_Tube                                ;
; Top-level Entity Name              ; Digital_Tube                                ;
; Family                             ; Cyclone IV E                                ;
; Total logic elements               ; 220                                         ;
;     Total combinational functions  ; 218                                         ;
;     Dedicated logic registers      ; 84                                          ;
; Total registers                    ; 84                                          ;
; Total pins                         ; 12                                          ;
; Total virtual pins                 ; 0                                           ;
; Total memory bits                  ; 0                                           ;
; Embedded Multiplier 9-bit elements ; 0                                           ;
; Total PLLs                         ; 0                                           ;
+------------------------------------+---------------------------------------------+


+----------------------------------------------------------------------------------------------------------------------+
; Analysis & Synthesis Settings                                                                                        ;
+----------------------------------------------------------------------------+--------------------+--------------------+
; Option                                                                     ; Setting            ; Default Value      ;
+----------------------------------------------------------------------------+--------------------+--------------------+
; Device                                                                     ; EP4CE6F17C8        ;                    ;
; Top-level entity name                                                      ; Digital_Tube       ; Digital_Tube       ;
; Family name                                                                ; Cyclone IV E       ; Cyclone V          ;
; Use smart compilation                                                      ; Off                ; Off                ;
; Enable parallel Assembler and TimeQuest Timing Analyzer during compilation ; On                 ; On                 ;
; Enable compact report table                                                ; Off                ; Off                ;
; Restructure Multiplexers                                                   ; Auto               ; Auto               ;
; Create Debugging Nodes for IP Cores                                        ; Off                ; Off                ;
; Preserve fewer node names                                                  ; On                 ; On                 ;
; Disable OpenCore Plus hardware evaluation                                  ; Off                ; Off                ;
; Verilog Version                                                            ; Verilog_2001       ; Verilog_2001       ;
; VHDL Version                                                               ; VHDL_1993          ; VHDL_1993          ;
; State Machine Processing                                                   ; Auto               ; Auto               ;
; Safe State Machine                                                         ; Off                ; Off                ;
; Extract Verilog State Machines                                             ; On                 ; On                 ;
; Extract VHDL State Machines                                                ; On                 ; On                 ;
; Ignore Verilog initial constructs                                          ; Off                ; Off                ;
; Iteration limit for constant Verilog loops                                 ; 5000               ; 5000               ;
; Iteration limit for non-constant Verilog loops                             ; 250                ; 250                ;
; Add Pass-Through Logic to Inferred RAMs                                    ; On                 ; On                 ;
; Infer RAMs from Raw Logic                                                  ; On                 ; On                 ;
; Parallel Synthesis                                                         ; On                 ; On                 ;
; DSP Block Balancing                                                        ; Auto               ; Auto               ;
; NOT Gate Push-Back                                                         ; On                 ; On                 ;
; Power-Up Don't Care                                                        ; On                 ; On                 ;
; Remove Redundant Logic Cells                                               ; Off                ; Off                ;
; Remove Duplicate Registers                                                 ; On                 ; On                 ;
; Ignore CARRY Buffers                                                       ; Off                ; Off                ;
; Ignore CASCADE Buffers                                                     ; Off                ; Off                ;
; Ignore GLOBAL Buffers                                                      ; Off                ; Off                ;
; Ignore ROW GLOBAL Buffers                                                  ; Off                ; Off                ;
; Ignore LCELL Buffers                                                       ; Off                ; Off                ;
; Ignore SOFT Buffers                                                        ; On                 ; On                 ;
; Limit AHDL Integers to 32 Bits                                             ; Off                ; Off                ;
; Optimization Technique                                                     ; Balanced           ; Balanced           ;
; Carry Chain Length                                                         ; 70                 ; 70                 ;
; Auto Carry Chains                                                          ; On                 ; On                 ;
; Auto Open-Drain Pins                                                       ; On                 ; On                 ;
; Perform WYSIWYG Primitive Resynthesis                                      ; Off                ; Off                ;
; Auto ROM Replacement                                                       ; On                 ; On                 ;
; Auto RAM Replacement                                                       ; On                 ; On                 ;
; Auto DSP Block Replacement                                                 ; On                 ; On                 ;
; Auto Shift Register Replacement                                            ; Auto               ; Auto               ;
; Allow Shift Register Merging across Hierarchies                            ; Auto               ; Auto               ;
; Auto Clock Enable Replacement                                              ; On                 ; On                 ;
; Strict RAM Replacement                                                     ; Off                ; Off                ;
; Allow Synchronous Control Signals                                          ; On                 ; On                 ;
; Force Use of Synchronous Clear Signals                                     ; Off                ; Off                ;
; Auto RAM Block Balancing                                                   ; On                 ; On                 ;
; Auto RAM to Logic Cell Conversion                                          ; Off                ; Off                ;
; Auto Resource Sharing                                                      ; Off                ; Off                ;
; Allow Any RAM Size For Recognition                                         ; Off                ; Off                ;
; Allow Any ROM Size For Recognition                                         ; Off                ; Off                ;
; Allow Any Shift Register Size For Recognition                              ; Off                ; Off                ;
; Use LogicLock Constraints during Resource Balancing                        ; On                 ; On                 ;
; Ignore translate_off and synthesis_off directives                          ; Off                ; Off                ;
; Timing-Driven Synthesis                                                    ; On                 ; On                 ;
; Report Parameter Settings                                                  ; On                 ; On                 ;
; Report Source Assignments                                                  ; On                 ; On                 ;
; Report Connectivity Checks                                                 ; On                 ; On                 ;
; Ignore Maximum Fan-Out Assignments                                         ; Off                ; Off                ;
; Synchronization Register Chain Length                                      ; 2                  ; 2                  ;
; PowerPlay Power Optimization During Synthesis                              ; Normal compilation ; Normal compilation ;
; HDL message level                                                          ; Level2             ; Level2             ;
; Suppress Register Optimization Related Messages                            ; Off                ; Off                ;
; Number of Removed Registers Reported in Synthesis Report                   ; 5000               ; 5000               ;
; Number of Swept Nodes Reported in Synthesis Report                         ; 5000               ; 5000               ;
; Number of Inverted Registers Reported in Synthesis Report                  ; 100                ; 100                ;
; Clock MUX Protection                                                       ; On                 ; On                 ;
; Auto Gated Clock Conversion                                                ; Off                ; Off                ;
; Block Design Naming                                                        ; Auto               ; Auto               ;
; SDC constraint protection                                                  ; Off                ; Off                ;
; Synthesis Effort                                                           ; Auto               ; Auto               ;
; Shift Register Replacement - Allow Asynchronous Clear Signal               ; On                 ; On                 ;
; Pre-Mapping Resynthesis Optimization                                       ; Off                ; Off                ;
; Analysis & Synthesis Message Level                                         ; Medium             ; Medium             ;
; Disable Register Merging Across Hierarchies                                ; Auto               ; Auto               ;
; Resource Aware Inference For Block RAM                                     ; On                 ; On                 ;
; Synthesis Seed                                                             ; 1                  ; 1                  ;
+----------------------------------------------------------------------------+--------------------+--------------------+


+------------------------------------------+
; Parallel Compilation                     ;
+----------------------------+-------------+
; Processors                 ; Number      ;
+----------------------------+-------------+
; Number detected on machine ; 4           ;
; Maximum allowed            ; 2           ;
;                            ;             ;
; Average used               ; 1.00        ;
; Maximum used               ; 1           ;
;                            ;             ;
; Usage by Processor         ; % Time Used ;
;     Processor 1            ; 100.0%      ;
;     Processors 2-4         ;   0.0%      ;
+----------------------------+-------------+


+--------------------------------------------------------------------------------------------------------------------------------------------------------------------------------+
; Analysis & Synthesis Source Files Read                                                                                                                                         ;
+----------------------------------+-----------------+------------------------------+----------------------------------------------------------------------------------+---------+
; File Name with User-Entered Path ; Used in Netlist ; File Type                    ; File Name with Absolute Path                                                     ; Library ;
+----------------------------------+-----------------+------------------------------+----------------------------------------------------------------------------------+---------+
; number_mod_module.v              ; yes             ; User Verilog HDL File        ; D:/workspace1/NewDocument/Quartus/module/Digital_Tube/number_mod_module.v        ;         ;
; smg_encoder_module.v             ; yes             ; User Verilog HDL File        ; D:/workspace1/NewDocument/Quartus/module/Digital_Tube/smg_encoder_module.v       ;         ;
; column_scan_module.v             ; yes             ; User Verilog HDL File        ; D:/workspace1/NewDocument/Quartus/module/Digital_Tube/column_scan_module.v       ;         ;
; row_scan_module.v                ; yes             ; User Verilog HDL File        ; D:/workspace1/NewDocument/Quartus/module/Digital_Tube/row_scan_module.v          ;         ;
; Digital_Tube.v                   ; yes             ; User Verilog HDL File        ; D:/workspace1/NewDocument/Quartus/module/Digital_Tube/Digital_Tube.v             ;         ;
; lpm_divide.tdf                   ; yes             ; Megafunction                 ; d:/install/alturalquartus15/quartus/libraries/megafunctions/lpm_divide.tdf       ;         ;
; abs_divider.inc                  ; yes             ; Megafunction                 ; d:/install/alturalquartus15/quartus/libraries/megafunctions/abs_divider.inc      ;         ;
; sign_div_unsign.inc              ; yes             ; Megafunction                 ; d:/install/alturalquartus15/quartus/libraries/megafunctions/sign_div_unsign.inc  ;         ;
; aglobal150.inc                   ; yes             ; Megafunction                 ; d:/install/alturalquartus15/quartus/libraries/megafunctions/aglobal150.inc       ;         ;
; db/lpm_divide_jhm.tdf            ; yes             ; Auto-Generated Megafunction  ; D:/workspace1/NewDocument/Quartus/module/Digital_Tube/db/lpm_divide_jhm.tdf      ;         ;
; db/sign_div_unsign_bkh.tdf       ; yes             ; Auto-Generated Megafunction  ; D:/workspace1/NewDocument/Quartus/module/Digital_Tube/db/sign_div_unsign_bkh.tdf ;         ;
; db/alt_u_div_a4f.tdf             ; yes             ; Auto-Generated Megafunction  ; D:/workspace1/NewDocument/Quartus/module/Digital_Tube/db/alt_u_div_a4f.tdf       ;         ;
; db/add_sub_7pc.tdf               ; yes             ; Auto-Generated Megafunction  ; D:/workspace1/NewDocument/Quartus/module/Digital_Tube/db/add_sub_7pc.tdf         ;         ;
; db/add_sub_8pc.tdf               ; yes             ; Auto-Generated Megafunction  ; D:/workspace1/NewDocument/Quartus/module/Digital_Tube/db/add_sub_8pc.tdf         ;         ;
; db/lpm_divide_m9m.tdf            ; yes             ; Auto-Generated Megafunction  ; D:/workspace1/NewDocument/Quartus/module/Digital_Tube/db/lpm_divide_m9m.tdf      ;         ;
+----------------------------------+-----------------+------------------------------+----------------------------------------------------------------------------------+---------+


+---------------------------------------------------------+
; Analysis & Synthesis Resource Usage Summary             ;
+---------------------------------------------+-----------+
; Resource                                    ; Usage     ;
+---------------------------------------------+-----------+
; Estimated Total logic elements              ; 220       ;
;                                             ;           ;
; Total combinational functions               ; 218       ;
; Logic element usage by number of LUT inputs ;           ;
;     -- 4 input functions                    ; 51        ;
;     -- 3 input functions                    ; 39        ;
;     -- <=2 input functions                  ; 128       ;
;                                             ;           ;
; Logic elements by mode                      ;           ;
;     -- normal mode                          ; 133       ;
;     -- arithmetic mode                      ; 85        ;
;                                             ;           ;
; Total registers                             ; 84        ;
;     -- Dedicated logic registers            ; 84        ;
;     -- I/O registers                        ; 0         ;
;                                             ;           ;
; I/O pins                                    ; 12        ;
;                                             ;           ;
; Embedded Multiplier 9-bit elements          ; 0         ;
;                                             ;           ;
; Maximum fan-out node                        ; CLK~input ;
; Maximum fan-out                             ; 84        ;
; Total fan-out                               ; 853       ;
; Average fan-out                             ; 2.62      ;
+---------------------------------------------+-----------+


+-----------------------------------------------------------------------------------------------------------------------------------------------------------------------------------------------------------------------------------------------------------------------------------------------------------+
; Analysis & Synthesis Resource Utilization by Entity                                                                                                                                                                                                                                                       ;
+-------------------------------------------+-------------------+--------------+-------------+--------------+---------+-----------+------+--------------+------------------------------------------------------------------------------------------------------------------------------------+--------------+
; Compilation Hierarchy Node                ; LC Combinationals ; LC Registers ; Memory Bits ; DSP Elements ; DSP 9x9 ; DSP 18x18 ; Pins ; Virtual Pins ; Full Hierarchy Name                                                                                                                ; Library Name ;
+-------------------------------------------+-------------------+--------------+-------------+--------------+---------+-----------+------+--------------+------------------------------------------------------------------------------------------------------------------------------------+--------------+
; |Digital_Tube                             ; 218 (40)          ; 84 (31)      ; 0           ; 0            ; 0       ; 0         ; 12   ; 0            ; |Digital_Tube                                                                                                                      ; work         ;
;    |column_scan_module:U3|                ; 30 (30)           ; 23 (23)      ; 0           ; 0            ; 0       ; 0         ; 0    ; 0            ; |Digital_Tube|column_scan_module:U3                                                                                                ; work         ;
;    |number_mod_module:U1|                 ; 118 (8)           ; 8 (8)        ; 0           ; 0            ; 0       ; 0         ; 0    ; 0            ; |Digital_Tube|number_mod_module:U1                                                                                                 ; work         ;
;       |lpm_divide:Div0|                   ; 51 (0)            ; 0 (0)        ; 0           ; 0            ; 0       ; 0         ; 0    ; 0            ; |Digital_Tube|number_mod_module:U1|lpm_divide:Div0                                                                                 ; work         ;
;          |lpm_divide_jhm:auto_generated|  ; 51 (0)            ; 0 (0)        ; 0           ; 0            ; 0       ; 0         ; 0    ; 0            ; |Digital_Tube|number_mod_module:U1|lpm_divide:Div0|lpm_divide_jhm:auto_generated                                                   ; work         ;
;             |sign_div_unsign_bkh:divider| ; 51 (0)            ; 0 (0)        ; 0           ; 0            ; 0       ; 0         ; 0    ; 0            ; |Digital_Tube|number_mod_module:U1|lpm_divide:Div0|lpm_divide_jhm:auto_generated|sign_div_unsign_bkh:divider                       ; work         ;
;                |alt_u_div_a4f:divider|    ; 51 (51)           ; 0 (0)        ; 0           ; 0            ; 0       ; 0         ; 0    ; 0            ; |Digital_Tube|number_mod_module:U1|lpm_divide:Div0|lpm_divide_jhm:auto_generated|sign_div_unsign_bkh:divider|alt_u_div_a4f:divider ; work         ;
;       |lpm_divide:Mod0|                   ; 59 (0)            ; 0 (0)        ; 0           ; 0            ; 0       ; 0         ; 0    ; 0            ; |Digital_Tube|number_mod_module:U1|lpm_divide:Mod0                                                                                 ; work         ;
;          |lpm_divide_m9m:auto_generated|  ; 59 (0)            ; 0 (0)        ; 0           ; 0            ; 0       ; 0         ; 0    ; 0            ; |Digital_Tube|number_mod_module:U1|lpm_divide:Mod0|lpm_divide_m9m:auto_generated                                                   ; work         ;
;             |sign_div_unsign_bkh:divider| ; 59 (0)            ; 0 (0)        ; 0           ; 0            ; 0       ; 0         ; 0    ; 0            ; |Digital_Tube|number_mod_module:U1|lpm_divide:Mod0|lpm_divide_m9m:auto_generated|sign_div_unsign_bkh:divider                       ; work         ;
;                |alt_u_div_a4f:divider|    ; 59 (59)           ; 0 (0)        ; 0           ; 0            ; 0       ; 0         ; 0    ; 0            ; |Digital_Tube|number_mod_module:U1|lpm_divide:Mod0|lpm_divide_m9m:auto_generated|sign_div_unsign_bkh:divider|alt_u_div_a4f:divider ; work         ;
;    |row_scan_module:U4|                   ; 14 (14)           ; 8 (8)        ; 0           ; 0            ; 0       ; 0         ; 0    ; 0            ; |Digital_Tube|row_scan_module:U4                                                                                                   ; work         ;
;    |smg_encoder_module:U2|                ; 16 (16)           ; 14 (14)      ; 0           ; 0            ; 0       ; 0         ; 0    ; 0            ; |Digital_Tube|smg_encoder_module:U2                                                                                                ; work         ;
+-------------------------------------------+-------------------+--------------+-------------+--------------+---------+-----------+------+--------------+------------------------------------------------------------------------------------------------------------------------------------+--------------+
Note: For table entries with two numbers listed, the numbers in parentheses indicate the number of resources of the given type used by the specific entity alone. The numbers listed outside of parentheses indicate the total resources of the given type used by the specific entity and all of its sub-entities in the hierarchy.


+---------------------------------------------------------------------------------------+
; Registers Removed During Synthesis                                                    ;
+----------------------------------------+----------------------------------------------+
; Register name                          ; Reason for Removal                           ;
+----------------------------------------+----------------------------------------------+
; smg_encoder_module:U2|rTen_SMG_Data[7] ; Stuck at VCC due to stuck port data_in       ;
; smg_encoder_module:U2|rOne_SMG_Data[7] ; Stuck at VCC due to stuck port data_in       ;
; row_scan_module:U4|t[1]                ; Merged with column_scan_module:U3|t[1]       ;
; row_scan_module:U4|t[0]                ; Merged with column_scan_module:U3|t[0]       ;
; row_scan_module:U4|Count1[18]          ; Merged with column_scan_module:U3|Count1[18] ;
; row_scan_module:U4|Count1[17]          ; Merged with column_scan_module:U3|Count1[17] ;
; row_scan_module:U4|Count1[16]          ; Merged with column_scan_module:U3|Count1[16] ;
; row_scan_module:U4|Count1[15]          ; Merged with column_scan_module:U3|Count1[15] ;
; row_scan_module:U4|Count1[13]          ; Merged with column_scan_module:U3|Count1[13] ;
; row_scan_module:U4|Count1[8]           ; Merged with column_scan_module:U3|Count1[8]  ;
; row_scan_module:U4|Count1[4]           ; Merged with column_scan_module:U3|Count1[4]  ;
; row_scan_module:U4|Count1[3]           ; Merged with column_scan_module:U3|Count1[3]  ;
; row_scan_module:U4|Count1[2]           ; Merged with column_scan_module:U3|Count1[2]  ;
; row_scan_module:U4|Count1[1]           ; Merged with column_scan_module:U3|Count1[1]  ;
; row_scan_module:U4|Count1[0]           ; Merged with column_scan_module:U3|Count1[0]  ;
; row_scan_module:U4|Count1[14]          ; Merged with column_scan_module:U3|Count1[14] ;
; row_scan_module:U4|Count1[12]          ; Merged with column_scan_module:U3|Count1[12] ;
; row_scan_module:U4|Count1[11]          ; Merged with column_scan_module:U3|Count1[11] ;
; row_scan_module:U4|Count1[10]          ; Merged with column_scan_module:U3|Count1[10] ;
; row_scan_module:U4|Count1[9]           ; Merged with column_scan_module:U3|Count1[9]  ;
; row_scan_module:U4|Count1[7]           ; Merged with column_scan_module:U3|Count1[7]  ;
; row_scan_module:U4|Count1[6]           ; Merged with column_scan_module:U3|Count1[6]  ;
; row_scan_module:U4|Count1[5]           ; Merged with column_scan_module:U3|Count1[5]  ;
; cnt[0]                                 ; Merged with column_scan_module:U3|Count1[0]  ;
; cnt[1]                                 ; Merged with column_scan_module:U3|Count1[1]  ;
; Total Number of Removed Registers = 25 ;                                              ;
+----------------------------------------+----------------------------------------------+


+------------------------------------------------------+
; General Register Statistics                          ;
+----------------------------------------------+-------+
; Statistic                                    ; Value ;
+----------------------------------------------+-------+
; Total registers                              ; 84    ;
; Number of registers using Synchronous Clear  ; 0     ;
; Number of registers using Synchronous Load   ; 0     ;
; Number of registers using Asynchronous Clear ; 84    ;
; Number of registers using Asynchronous Load  ; 0     ;
; Number of registers using Clock Enable       ; 29    ;
; Number of registers using Preset             ; 0     ;
+----------------------------------------------+-------+


+---------------------------------------------------+
; Inverted Register Statistics                      ;
+-----------------------------------------+---------+
; Inverted Register                       ; Fan out ;
+-----------------------------------------+---------+
; column_scan_module:U3|rColumn_Scan[1]   ; 2       ;
; smg_encoder_module:U2|rOne_SMG_Data[0]  ; 1       ;
; smg_encoder_module:U2|rTen_SMG_Data[0]  ; 1       ;
; smg_encoder_module:U2|rOne_SMG_Data[1]  ; 1       ;
; smg_encoder_module:U2|rTen_SMG_Data[1]  ; 1       ;
; smg_encoder_module:U2|rOne_SMG_Data[2]  ; 1       ;
; smg_encoder_module:U2|rTen_SMG_Data[2]  ; 1       ;
; smg_encoder_module:U2|rOne_SMG_Data[3]  ; 1       ;
; smg_encoder_module:U2|rTen_SMG_Data[3]  ; 1       ;
; smg_encoder_module:U2|rOne_SMG_Data[4]  ; 1       ;
; smg_encoder_module:U2|rTen_SMG_Data[4]  ; 1       ;
; smg_encoder_module:U2|rOne_SMG_Data[5]  ; 1       ;
; smg_encoder_module:U2|rTen_SMG_Data[5]  ; 1       ;
; smg_encoder_module:U2|rOne_SMG_Data[6]  ; 1       ;
; smg_encoder_module:U2|rTen_SMG_Data[6]  ; 1       ;
; Total number of inverted registers = 15 ;         ;
+-----------------------------------------+---------+


+--------------------------------------------------------------------------------------------------------------------------------------------------------------------+
; Multiplexer Restructuring Statistics (Restructuring Performed)                                                                                                     ;
+--------------------+-----------+---------------+----------------------+------------------------+------------+------------------------------------------------------+
; Multiplexer Inputs ; Bus Width ; Baseline Area ; Area if Restructured ; Saving if Restructured ; Registered ; Example Multiplexer Output                           ;
+--------------------+-----------+---------------+----------------------+------------------------+------------+------------------------------------------------------+
; 3:1                ; 2 bits    ; 4 LEs         ; 2 LEs                ; 2 LEs                  ; Yes        ; |Digital_Tube|column_scan_module:U3|t[1]             ;
; 3:1                ; 7 bits    ; 14 LEs        ; 7 LEs                ; 7 LEs                  ; Yes        ; |Digital_Tube|row_scan_module:U4|rData[5]            ;
; 16:1               ; 7 bits    ; 70 LEs        ; 42 LEs               ; 28 LEs                 ; Yes        ; |Digital_Tube|smg_encoder_module:U2|rTen_SMG_Data[0] ;
; 16:1               ; 7 bits    ; 70 LEs        ; 42 LEs               ; 28 LEs                 ; Yes        ; |Digital_Tube|smg_encoder_module:U2|rOne_SMG_Data[0] ;
+--------------------+-----------+---------------+----------------------+------------------------+------------+------------------------------------------------------+


+--------------------------------------------------------------------+
; Parameter Settings for User Entity Instance: smg_encoder_module:U2 ;
+----------------+----------+----------------------------------------+
; Parameter Name ; Value    ; Type                                   ;
+----------------+----------+----------------------------------------+
; seg0           ; 11000000 ; Unsigned Binary                        ;
; seg1           ; 11111001 ; Unsigned Binary                        ;
; seg2           ; 10100100 ; Unsigned Binary                        ;
; seg3           ; 10110000 ; Unsigned Binary                        ;
; seg4           ; 10011001 ; Unsigned Binary                        ;
; seg5           ; 10010010 ; Unsigned Binary                        ;
; seg6           ; 10000010 ; Unsigned Binary                        ;
; seg7           ; 11111000 ; Unsigned Binary                        ;
; seg8           ; 10000000 ; Unsigned Binary                        ;
; seg9           ; 10010000 ; Unsigned Binary                        ;
; sega           ; 10001000 ; Unsigned Binary                        ;
; segb           ; 10000011 ; Unsigned Binary                        ;
; segc           ; 11000110 ; Unsigned Binary                        ;
; segd           ; 10100001 ; Unsigned Binary                        ;
; sege           ; 10000110 ; Unsigned Binary                        ;
; segf           ; 10001110 ; Unsigned Binary                        ;
+----------------+----------+----------------------------------------+
Note: In order to hide this table in the UI and the text report file, please set the "Show Parameter Settings in Synthesis Report" option in "Analysis and Synthesis Settings -> More Settings" to "Off".


+--------------------------------------------------------------------+
; Parameter Settings for User Entity Instance: column_scan_module:U3 ;
+----------------+---------------------+-----------------------------+
; Parameter Name ; Value               ; Type                        ;
+----------------+---------------------+-----------------------------+
; T10MS          ; 1111010000100011111 ; Unsigned Binary             ;
+----------------+---------------------+-----------------------------+
Note: In order to hide this table in the UI and the text report file, please set the "Show Parameter Settings in Synthesis Report" option in "Analysis and Synthesis Settings -> More Settings" to "Off".


+-----------------------------------------------------------------+
; Parameter Settings for User Entity Instance: row_scan_module:U4 ;
+----------------+---------------------+--------------------------+
; Parameter Name ; Value               ; Type                     ;
+----------------+---------------------+--------------------------+
; T10MS          ; 1111010000100011111 ; Unsigned Binary          ;
+----------------+---------------------+--------------------------+
Note: In order to hide this table in the UI and the text report file, please set the "Show Parameter Settings in Synthesis Report" option in "Analysis and Synthesis Settings -> More Settings" to "Off".


+---------------------------------------------------------------------------------------+
; Parameter Settings for Inferred Entity Instance: number_mod_module:U1|lpm_divide:Div0 ;
+------------------------+----------------+---------------------------------------------+
; Parameter Name         ; Value          ; Type                                        ;
+------------------------+----------------+---------------------------------------------+
; LPM_WIDTHN             ; 8              ; Untyped                                     ;
; LPM_WIDTHD             ; 4              ; Untyped                                     ;
; LPM_NREPRESENTATION    ; UNSIGNED       ; Untyped                                     ;
; LPM_DREPRESENTATION    ; UNSIGNED       ; Untyped                                     ;
; LPM_PIPELINE           ; 0              ; Untyped                                     ;
; LPM_REMAINDERPOSITIVE  ; TRUE           ; Untyped                                     ;
; MAXIMIZE_SPEED         ; 5              ; Untyped                                     ;
; CBXI_PARAMETER         ; lpm_divide_jhm ; Untyped                                     ;
; CARRY_CHAIN            ; MANUAL         ; Untyped                                     ;
; OPTIMIZE_FOR_SPEED     ; 5              ; Untyped                                     ;
; AUTO_CARRY_CHAINS      ; ON             ; AUTO_CARRY                                  ;
; IGNORE_CARRY_BUFFERS   ; OFF            ; IGNORE_CARRY                                ;
; AUTO_CASCADE_CHAINS    ; ON             ; AUTO_CASCADE                                ;
; IGNORE_CASCADE_BUFFERS ; OFF            ; IGNORE_CASCADE                              ;
+------------------------+----------------+---------------------------------------------+
Note: In order to hide this table in the UI and the text report file, please set the "Show Parameter Settings in Synthesis Report" option in "Analysis and Synthesis Settings -> More Settings" to "Off".


+---------------------------------------------------------------------------------------+
; Parameter Settings for Inferred Entity Instance: number_mod_module:U1|lpm_divide:Mod0 ;
+------------------------+----------------+---------------------------------------------+
; Parameter Name         ; Value          ; Type                                        ;
+------------------------+----------------+---------------------------------------------+
; LPM_WIDTHN             ; 8              ; Untyped                                     ;
; LPM_WIDTHD             ; 4              ; Untyped                                     ;
; LPM_NREPRESENTATION    ; UNSIGNED       ; Untyped                                     ;
; LPM_DREPRESENTATION    ; UNSIGNED       ; Untyped                                     ;
; LPM_PIPELINE           ; 0              ; Untyped                                     ;
; LPM_REMAINDERPOSITIVE  ; TRUE           ; Untyped                                     ;
; MAXIMIZE_SPEED         ; 5              ; Untyped                                     ;
; CBXI_PARAMETER         ; lpm_divide_m9m ; Untyped                                     ;
; CARRY_CHAIN            ; MANUAL         ; Untyped                                     ;
; OPTIMIZE_FOR_SPEED     ; 5              ; Untyped                                     ;
; AUTO_CARRY_CHAINS      ; ON             ; AUTO_CARRY                                  ;
; IGNORE_CARRY_BUFFERS   ; OFF            ; IGNORE_CARRY                                ;
; AUTO_CASCADE_CHAINS    ; ON             ; AUTO_CASCADE                                ;
; IGNORE_CASCADE_BUFFERS ; OFF            ; IGNORE_CASCADE                              ;
+------------------------+----------------+---------------------------------------------+
Note: In order to hide this table in the UI and the text report file, please set the "Show Parameter Settings in Synthesis Report" option in "Analysis and Synthesis Settings -> More Settings" to "Off".


+-----------------------------------------------------+
; Post-Synthesis Netlist Statistics for Top Partition ;
+-----------------------+-----------------------------+
; Type                  ; Count                       ;
+-----------------------+-----------------------------+
; boundary_port         ; 12                          ;
; cycloneiii_ff         ; 84                          ;
;     CLR               ; 55                          ;
;     ENA CLR           ; 29                          ;
; cycloneiii_lcell_comb ; 219                         ;
;     arith             ; 85                          ;
;         2 data inputs ; 51                          ;
;         3 data inputs ; 34                          ;
;     normal            ; 134                         ;
;         0 data inputs ; 10                          ;
;         1 data inputs ; 7                           ;
;         2 data inputs ; 61                          ;
;         3 data inputs ; 5                           ;
;         4 data inputs ; 51                          ;
;                       ;                             ;
; Max LUT depth         ; 11.90                       ;
; Average LUT depth     ; 5.97                        ;
+-----------------------+-----------------------------+


+-------------------------------+
; Elapsed Time Per Partition    ;
+----------------+--------------+
; Partition Name ; Elapsed Time ;
+----------------+--------------+
; Top            ; 00:00:05     ;
+----------------+--------------+


+-------------------------------+
; Analysis & Synthesis Messages ;
+-------------------------------+
Info: *******************************************************************
Info: Running Quartus II 64-Bit Analysis & Synthesis
    Info: Version 15.0.0 Build 145 04/22/2015 SJ Full Version
    Info: Processing started: Thu Sep 22 23:22:57 2016
Info: Command: quartus_map --read_settings_files=on --write_settings_files=off Digital_Tube -c Digital_Tube
Info (11104): Parallel Compilation has detected 4 hyper-threaded processors. However, the extra hyper-threaded processors will not be used by default. Parallel Compilation will use 2 of the 2 physical processors detected instead.
Info (12021): Found 1 design units, including 1 entities, in source file number_mod_module.v
    Info (12023): Found entity 1: number_mod_module
Info (12021): Found 1 design units, including 1 entities, in source file smg_encoder_module.v
    Info (12023): Found entity 1: smg_encoder_module
Warning (12019): Can't analyze file -- file colume_scan_module.v is missing
Info (12021): Found 1 design units, including 1 entities, in source file column_scan_module.v
    Info (12023): Found entity 1: column_scan_module
Info (12021): Found 1 design units, including 1 entities, in source file row_scan_module.v
    Info (12023): Found entity 1: row_scan_module
Info (12021): Found 1 design units, including 1 entities, in source file digital_tube.v
    Info (12023): Found entity 1: Digital_Tube
Info (12127): Elaborating entity "Digital_Tube" for the top level hierarchy
Info (12128): Elaborating entity "number_mod_module" for hierarchy "number_mod_module:U1"
Info (12128): Elaborating entity "smg_encoder_module" for hierarchy "smg_encoder_module:U2"
Info (12128): Elaborating entity "column_scan_module" for hierarchy "column_scan_module:U3"
Info (12128): Elaborating entity "row_scan_module" for hierarchy "row_scan_module:U4"
Info (278001): Inferred 2 megafunctions from design logic
    Info (278004): Inferred divider/modulo megafunction ("lpm_divide") from the following logic: "number_mod_module:U1|Div0"
    Info (278004): Inferred divider/modulo megafunction ("lpm_divide") from the following logic: "number_mod_module:U1|Mod0"
Info (12130): Elaborated megafunction instantiation "number_mod_module:U1|lpm_divide:Div0"
Info (12133): Instantiated megafunction "number_mod_module:U1|lpm_divide:Div0" with the following parameter:
    Info (12134): Parameter "LPM_WIDTHN" = "8"
    Info (12134): Parameter "LPM_WIDTHD" = "4"
    Info (12134): Parameter "LPM_NREPRESENTATION" = "UNSIGNED"
    Info (12134): Parameter "LPM_DREPRESENTATION" = "UNSIGNED"
Info (12021): Found 1 design units, including 1 entities, in source file db/lpm_divide_jhm.tdf
    Info (12023): Found entity 1: lpm_divide_jhm
Info (12021): Found 1 design units, including 1 entities, in source file db/sign_div_unsign_bkh.tdf
    Info (12023): Found entity 1: sign_div_unsign_bkh
Info (12021): Found 1 design units, including 1 entities, in source file db/alt_u_div_a4f.tdf
    Info (12023): Found entity 1: alt_u_div_a4f
Info (12021): Found 1 design units, including 1 entities, in source file db/add_sub_7pc.tdf
    Info (12023): Found entity 1: add_sub_7pc
Info (12021): Found 1 design units, including 1 entities, in source file db/add_sub_8pc.tdf
    Info (12023): Found entity 1: add_sub_8pc
Info (12130): Elaborated megafunction instantiation "number_mod_module:U1|lpm_divide:Mod0"
Info (12133): Instantiated megafunction "number_mod_module:U1|lpm_divide:Mod0" with the following parameter:
    Info (12134): Parameter "LPM_WIDTHN" = "8"
    Info (12134): Parameter "LPM_WIDTHD" = "4"
    Info (12134): Parameter "LPM_NREPRESENTATION" = "UNSIGNED"
    Info (12134): Parameter "LPM_DREPRESENTATION" = "UNSIGNED"
Info (12021): Found 1 design units, including 1 entities, in source file db/lpm_divide_m9m.tdf
    Info (12023): Found entity 1: lpm_divide_m9m
Info (13000): Registers with preset signals will power-up high
Info (13003): DEV_CLRn pin will set, and not reset, register with preset signal due to NOT Gate Push-Back
Info (286030): Timing-Driven Synthesis is running
Info (16010): Generating hard_block partition "hard_block:auto_generated_inst"
    Info (16011): Adding 0 node(s), including 0 DDIO, 0 PLL, 0 transceiver and 0 LCELL
Info (21057): Implemented 232 device resources after synthesis - the final resource count might be different
    Info (21058): Implemented 2 input pins
    Info (21059): Implemented 10 output pins
    Info (21061): Implemented 220 logic cells
Info: Quartus II 64-Bit Analysis & Synthesis was successful. 0 errors, 1 warning
    Info: Peak virtual memory: 652 megabytes
    Info: Processing ended: Thu Sep 22 23:23:21 2016
    Info: Elapsed time: 00:00:24
    Info: Total CPU time (on all processors): 00:00:40


