Flow report for Digital_Tube_Interface_Demo
Thu Sep 22 23:20:20 2016
Quartus II 64-Bit Version 15.0.0 Build 145 04/22/2015 SJ Full Version


---------------------
; Table of Contents ;
---------------------
  1. Legal Notice
  2. Flow Summary
  3. Flow Settings
  4. Flow Non-Default Global Settings
  5. Flow Elapsed Time
  6. Flow OS Summary
  7. Flow Log
  8. Flow Messages
  9. Flow Suppressed Messages



----------------
; Legal Notice ;
----------------
Copyright (C) 1991-2015 Altera Corporation. All rights reserved.
Your use of Altera Corporation's design tools, logic functions 
and other software and tools, and its AMPP partner logic 
functions, and any output files from any of the foregoing 
(including device programming or simulation files), and any 
associated documentation or information are expressly subject 
to the terms and conditions of the Altera Program License 
Subscription Agreement, the Altera Quartus II License Agreement,
the Altera MegaCore Function License Agreement, or other 
applicable license agreement, including, without limitation, 
that your use is for the sole purpose of programming logic 
devices manufactured by Altera and sold by Altera or its 
authorized distributors.  Please refer to the applicable 
agreement for further details.



+----------------------------------------------------------------------------------+
; Flow Summary                                                                     ;
+------------------------------------+---------------------------------------------+
; Flow Status                        ; Successful - Thu Sep 22 23:20:20 2016       ;
; Quartus II 64-Bit Version          ; 15.0.0 Build 145 04/22/2015 SJ Full Version ;
; Revision Name                      ; Digital_Tube_Interface_Demo                 ;
; Top-level Entity Name              ; Digital_Tube_Interface_Demo                 ;
; Family                             ; Cyclone IV E                                ;
; Device                             ; EP4CE6F17C8                                 ;
; Timing Models                      ; Final                                       ;
; Total logic elements               ; 48 / 6,272 ( < 1 % )                        ;
;     Total combinational functions  ; 48 / 6,272 ( < 1 % )                        ;
;     Dedicated logic registers      ; 30 / 6,272 ( < 1 % )                        ;
; Total registers                    ; 30                                          ;
; Total pins                         ; 16 / 180 ( 9 % )                            ;
; Total virtual pins                 ; 0                                           ;
; Total memory bits                  ; 0 / 276,480 ( 0 % )                         ;
; Embedded Multiplier 9-bit elements ; 0 / 30 ( 0 % )                              ;
; Total PLLs                         ; 0 / 2 ( 0 % )                               ;
+------------------------------------+---------------------------------------------+


+-------------------------------------------------+
; Flow Settings                                   ;
+-------------------+-----------------------------+
; Option            ; Setting                     ;
+-------------------+-----------------------------+
; Start date & time ; 09/22/2016 23:19:36         ;
; Main task         ; Compilation                 ;
; Revision Name     ; Digital_Tube_Interface_Demo ;
+-------------------+-----------------------------+


+----------------------------------------------------------------------------------------------------------------------+
; Flow Non-Default Global Settings                                                                                     ;
+-------------------------------------+---------------------------------+---------------+-------------+----------------+
; Assignment Name                     ; Value                           ; Default Value ; Entity Name ; Section Id     ;
+-------------------------------------+---------------------------------+---------------+-------------+----------------+
; COMPILER_SIGNATURE_ID               ; 172426276885057.147455757621132 ; --            ; --          ; --             ;
; EDA_OUTPUT_DATA_FORMAT              ; Verilog Hdl                     ; --            ; --          ; eda_simulation ;
; EDA_SIMULATION_TOOL                 ; ModelSim (Verilog)              ; <None>        ; --          ; --             ;
; EDA_TIME_SCALE                      ; 1 ps                            ; --            ; --          ; eda_simulation ;
; MAX_CORE_JUNCTION_TEMP              ; 85                              ; --            ; --          ; --             ;
; MIN_CORE_JUNCTION_TEMP              ; 0                               ; --            ; --          ; --             ;
; NOMINAL_CORE_SUPPLY_VOLTAGE         ; 1.2V                            ; --            ; --          ; --             ;
; PARTITION_COLOR                     ; 16764057                        ; --            ; --          ; Top            ;
; PARTITION_FITTER_PRESERVATION_LEVEL ; PLACEMENT_AND_ROUTING           ; --            ; --          ; Top            ;
; PARTITION_NETLIST_TYPE              ; SOURCE                          ; --            ; --          ; Top            ;
; PROJECT_OUTPUT_DIRECTORY            ; output_files                    ; --            ; --          ; --             ;
+-------------------------------------+---------------------------------+---------------+-------------+----------------+


+-------------------------------------------------------------------------------------------------------------------------------+
; Flow Elapsed Time                                                                                                             ;
+---------------------------+--------------+-------------------------+---------------------+------------------------------------+
; Module Name               ; Elapsed Time ; Average Processors Used ; Peak Virtual Memory ; Total CPU Time (on all processors) ;
+---------------------------+--------------+-------------------------+---------------------+------------------------------------+
; Analysis & Synthesis      ; 00:00:18     ; 1.0                     ; 646 MB              ; 00:00:39                           ;
; Fitter                    ; 00:00:06     ; 1.2                     ; 1103 MB             ; 00:00:06                           ;
; Assembler                 ; 00:00:02     ; 1.0                     ; 596 MB              ; 00:00:01                           ;
; TimeQuest Timing Analyzer ; 00:00:08     ; 1.0                     ; 665 MB              ; 00:00:02                           ;
; EDA Netlist Writer        ; 00:00:01     ; 1.0                     ; 560 MB              ; 00:00:01                           ;
; Total                     ; 00:00:35     ; --                      ; --                  ; 00:00:49                           ;
+---------------------------+--------------+-------------------------+---------------------+------------------------------------+


+----------------------------------------------------------------------------------------+
; Flow OS Summary                                                                        ;
+---------------------------+------------------+-----------+------------+----------------+
; Module Name               ; Machine Hostname ; OS Name   ; OS Version ; Processor type ;
+---------------------------+------------------+-----------+------------+----------------+
; Analysis & Synthesis      ; VRYJ4S7NQAJBEM7  ; Windows 7 ; 6.1        ; x86_64         ;
; Fitter                    ; VRYJ4S7NQAJBEM7  ; Windows 7 ; 6.1        ; x86_64         ;
; Assembler                 ; VRYJ4S7NQAJBEM7  ; Windows 7 ; 6.1        ; x86_64         ;
; TimeQuest Timing Analyzer ; VRYJ4S7NQAJBEM7  ; Windows 7 ; 6.1        ; x86_64         ;
; EDA Netlist Writer        ; VRYJ4S7NQAJBEM7  ; Windows 7 ; 6.1        ; x86_64         ;
+---------------------------+------------------+-----------+------------+----------------+


------------
; Flow Log ;
------------
quartus_map --read_settings_files=on --write_settings_files=off Digital_Tube_Interface_Demo -c Digital_Tube_Interface_Demo
quartus_fit --read_settings_files=off --write_settings_files=off Digital_Tube_Interface_Demo -c Digital_Tube_Interface_Demo
quartus_asm --read_settings_files=off --write_settings_files=off Digital_Tube_Interface_Demo -c Digital_Tube_Interface_Demo
quartus_sta Digital_Tube_Interface_Demo -c Digital_Tube_Interface_Demo
quartus_eda --read_settings_files=off --write_settings_files=off Digital_Tube_Interface_Demo -c Digital_Tube_Interface_Demo



